# JRE version: OpenJDK Runtime Environment (8.0_152-b01) (build 1.8.0_152-release-915-b01)
# Java VM: OpenJDK 64-Bit Server VM (25.152-b01 mixed mode windows-amd64 compressed oops)
Heap:
 PSYoungGen      total 18944K, used 15341K [0x00000000feb00000, 0x0000000100000000, 0x0000000100000000)
  eden space 16384K, 78% used [0x00000000feb00000,0x00000000ff783540,0x00000000ffb00000)
  from space 2560K, 98% used [0x00000000ffd80000,0x00000000ffff8010,0x0000000100000000)
  to   space 2560K, 0% used [0x00000000ffb00000,0x00000000ffb00000,0x00000000ffd80000)
 ParOldGen       total 29184K, used 2289K [0x00000000fc000000, 0x00000000fdc80000, 0x00000000feb00000)
  object space 29184K, 7% used [0x00000000fc000000,0x00000000fc23c730,0x00000000fdc80000)
 Metaspace       used 6894K, capacity 7072K, committed 7296K, reserved 1058816K
  class space    used 809K, capacity 874K, committed 896K, reserved 1048576K
GC Heap History (6 events):
Event: 1.279 GC heap before
{Heap before GC invocations=1 (full 0):
 PSYoungGen      total 18944K, used 2317K [0x00000000feb00000, 0x0000000100000000, 0x0000000100000000)
  eden space 16384K, 14% used [0x00000000feb00000,0x00000000fed43548,0x00000000ffb00000)
  from space 2560K, 0% used [0x00000000ffd80000,0x00000000ffd80000,0x0000000100000000)
  to   space 2560K, 0% used [0x00000000ffb00000,0x00000000ffb00000,0x00000000ffd80000)
 ParOldGen       total 44032K, used 0K [0x00000000fc000000, 0x00000000feb00000, 0x00000000feb00000)
  object space 44032K, 0% used [0x00000000fc000000,0x00000000fc000000,0x00000000feb00000)
 Metaspace       used 4131K, capacity 4788K, committed 4864K, reserved 1060864K
  class space    used 451K, capacity 496K, committed 512K, reserved 1048576K
Event: 1.283 GC heap after
Heap after GC invocations=1 (full 0):
 PSYoungGen      total 18944K, used 938K [0x00000000feb00000, 0x0000000100000000, 0x0000000100000000)
  eden space 16384K, 0% used [0x00000000feb00000,0x00000000feb00000,0x00000000ffb00000)
  from space 2560K, 36% used [0x00000000ffb00000,0x00000000ffbeabc8,0x00000000ffd80000)
  to   space 2560K, 0% used [0x00000000ffd80000,0x00000000ffd80000,0x0000000100000000)
 ParOldGen       total 44032K, used 8K [0x00000000fc000000, 0x00000000feb00000, 0x00000000feb00000)
  object space 44032K, 0% used [0x00000000fc000000,0x00000000fc002000,0x00000000feb00000)
 Metaspace       used 4131K, capacity 4788K, committed 4864K, reserved 1060864K
  class space    used 451K, capacity 496K, committed 512K, reserved 1048576K
}
Event: 1.283 GC heap before
{Heap before GC invocations=2 (full 1):
 PSYoungGen      total 18944K, used 938K [0x00000000feb00000, 0x0000000100000000, 0x0000000100000000)
  eden space 16384K, 0% used [0x00000000feb00000,0x00000000feb00000,0x00000000ffb00000)
  from space 2560K, 36% used [0x00000000ffb00000,0x00000000ffbeabc8,0x00000000ffd80000)
  to   space 2560K, 0% used [0x00000000ffd80000,0x00000000ffd80000,0x0000000100000000)
 ParOldGen       total 44032K, used 8K [0x00000000fc000000, 0x00000000feb00000, 0x00000000feb00000)
  object space 44032K, 0% used [0x00000000fc000000,0x00000000fc002000,0x00000000feb00000)
 Metaspace       used 4131K, capacity 4788K, committed 4864K, reserved 1060864K
  class space    used 451K, capacity 496K, committed 512K, reserved 1048576K
Event: 1.292 GC heap after
Heap after GC invocations=2 (full 1):
 PSYoungGen      total 18944K, used 0K [0x00000000feb00000, 0x0000000100000000, 0x0000000100000000)
  eden space 16384K, 0% used [0x00000000feb00000,0x00000000feb00000,0x00000000ffb00000)
  from space 2560K, 0% used [0x00000000ffb00000,0x00000000ffb00000,0x00000000ffd80000)
  to   space 2560K, 0% used [0x00000000ffd80000,0x00000000ffd80000,0x0000000100000000)
 ParOldGen       total 29184K, used 828K [0x00000000fc000000, 0x00000000fdc80000, 0x00000000feb00000)
  object space 29184K, 2% used [0x00000000fc000000,0x00000000fc0cf388,0x00000000fdc80000)
 Metaspace       used 4131K, capacity 4788K, committed 4864K, reserved 1058816K
  class space    used 451K, capacity 496K, committed 512K, reserved 1048576K
}
Event: 3.608 GC heap before
{Heap before GC invocations=3 (full 1):
 PSYoungGen      total 18944K, used 16384K [0x00000000feb00000, 0x0000000100000000, 0x0000000100000000)
  eden space 16384K, 100% used [0x00000000feb00000,0x00000000ffb00000,0x00000000ffb00000)
  from space 2560K, 0% used [0x00000000ffb00000,0x00000000ffb00000,0x00000000ffd80000)
  to   space 2560K, 0% used [0x00000000ffd80000,0x00000000ffd80000,0x0000000100000000)
 ParOldGen       total 29184K, used 828K [0x00000000fc000000, 0x00000000fdc80000, 0x00000000feb00000)
  object space 29184K, 2% used [0x00000000fc000000,0x00000000fc0cf388,0x00000000fdc80000)
 Metaspace       used 6692K, capacity 6866K, committed 7040K, reserved 1058816K
  class space    used 791K, capacity 871K, committed 896K, reserved 1048576K
Event: 3.615 GC heap after
Heap after GC invocations=3 (full 1):
 PSYoungGen      total 18944K, used 2528K [0x00000000feb00000, 0x0000000100000000, 0x0000000100000000)
  eden space 16384K, 0% used [0x00000000feb00000,0x00000000feb00000,0x00000000ffb00000)
  from space 2560K, 98% used [0x00000000ffd80000,0x00000000ffff8010,0x0000000100000000)
  to   space 2560K, 0% used [0x00000000ffb00000,0x00000000ffb00000,0x00000000ffd80000)
 ParOldGen       total 29184K, used 2289K [0x00000000fc000000, 0x00000000fdc80000, 0x00000000feb00000)
  object space 29184K, 7% used [0x00000000fc000000,0x00000000fc23c730,0x00000000fdc80000)
 Metaspace       used 6692K, capacity 6866K, committed 7040K, reserved 1058816K
  class space    used 791K, capacity 871K, committed 896K, reserved 1048576K
}

